[Bootstrap]
SetupTitle=Install
SetupText=Copying Files, please stand by.
CabFile=Typing Master Software.CAB
Spawn=Setup1.exe
Uninstal=st6unst.exe
TmpDir=msftqws.pdw
Cabs=1

[Bootstrap Files]
File1=@VB6STKIT.DLL,$(WinSysPathSysFile),,,6-18-98 12:00:00 AM,102912,6.0.81.69
File2=@COMCAT.DLL,$(WinSysPathSysFile),$(DLLSelfRegister),,5-31-98 12:00:00 AM,22288,4.71.1460.1
File3=@MSVCRT40.DLL,$(WinSysPathSysFile),,,5-31-98 12:00:00 AM,326656,4.21.0.0
File4=@stdole2.tlb,$(WinSysPathSysFile),$(TLBRegister),,8-21-13 9:16:20 PM,16896,6.3.9600.16384
File5=@asycfilt.dll,$(WinSysPathSysFile),,,8-21-13 8:54:40 PM,69632,6.3.9600.16384
File6=@olepro32.dll,$(WinSysPathSysFile),$(DLLSelfRegister),,8-21-13 8:54:15 PM,80384,6.3.9600.16384
File7=@oleaut32.dll,$(WinSysPathSysFile),$(DLLSelfRegister),,8-21-13 10:19:45 PM,552632,6.3.9600.16384
File8=@msvbvm60.dll,$(WinSysPathSysFile),$(DLLSelfRegister),,6-18-13 5:37:50 AM,1386496,6.0.98.15

[IconGroups]
Group0=Typing Master Software
PrivateGroup0=True
Parent0=$(Programs)

[Typing Master Software]
Icon1=""Typing Master Software.exe""
Title1=Typing Master Software
StartIn1=$(AppPath)

[Setup]
Title=Typing Master Software
DefaultDir=$(ProgramFiles)\Typingtest
AppExe=Typing Master Software.exe
AppToUninstall=Typing Master Software.exe

[Setup1 Files]
File1=@MSSTDFMT.DLL,$(WinSysPath),$(DLLSelfRegister),$(Shared),7-24-06 10:50:38 AM,125744,6.0.84.50
File2=@MSDATGRD.OCX,$(WinSysPath),$(DLLSelfRegister),$(Shared),6-24-98 12:00:00 AM,260920,6.0.81.69
File3=@MSBIND.DLL,$(WinSysPath),$(DLLSelfRegister),$(Shared),6-18-98 12:00:00 AM,77824,6.0.81.69
File4=@msado20.tlb,$(WinSysPath),,$(Shared),8-21-13 9:16:34 PM,50176,6.3.9600.16384
File5=@MSADODC.OCX,$(WinSysPath),$(DLLSelfRegister),$(Shared),6-24-98 12:00:00 AM,118064,6.0.81.71
File6=@RICHED32.DLL,$(WinSysPathSysFile),,,5-7-98 12:00:00 AM,174352,4.0.993.4
File7=@RICHTX32.OCX,$(WinSysPath),$(DLLSelfRegister),$(Shared),6-24-98 12:00:00 AM,203576,6.0.81.69
File8=@VB5DB.DLL,$(WinSysPath),,$(Shared),6-18-98 12:00:00 AM,89360,6.0.81.69
File9=@MSREPL35.DLL,$(WinSysPathSysFile),,,4-24-98 12:00:00 AM,407312,3.51.623.0
File10=@MSRD2X35.DLL,$(WinSysPathSysFile),$(DLLSelfRegister),,4-24-98 12:00:00 AM,252176,3.51.623.0
File11=@expsrv.dll,$(WinSysPathSysFile),,,6-18-13 5:17:32 AM,380957,6.0.72.9589
File12=@vbajet32.dll,$(WinSysPathSysFile),,,6-18-13 5:17:51 AM,30749,6.0.1.9431
File13=@MSJINT35.DLL,$(WinSysPathSysFile),,,4-24-98 12:00:00 AM,123664,3.51.623.0
File14=@MSJTER35.DLL,$(WinSysPathSysFile),,,4-24-98 12:00:00 AM,24848,3.51.623.0
File15=@MSJET35.DLL,$(WinSysPathSysFile),$(DLLSelfRegister),,4-24-98 12:00:00 AM,1045776,3.51.623.4
File16=@DAO350.DLL,$(MSDAOPath),$(DLLSelfRegister),$(Shared),4-27-98 12:00:00 AM,570128,3.51.1608.0
File17=@Typing Master Software.exe,$(AppPath),,$(Shared),4-5-17 5:42:27 PM,5730304,1.0.0.0

; The following lines may be deleted in order to obtain extra 
; space for customizing this file on a full installation diskette.
; 
; XXXXXXXXXXXXXXXXXXXXXXXXXXXXXXXXXXXXXXXXXXXXXXXXXXXXXXXXXXXX
; XXXXXXXXXXXXXXXXXXXXXXXXXXXXXXXXXXXXXXXXXXXXXXXXXXXXXXXXXXXX
; XXXXXXXXXXXXXXXXXXXXXXXXXXXXXXXXXXXXXXXXXXXXXXXXXXXXXXXXXXXX
; XXXXXXXXXXXXXXXXXXXXXXXXXXXXXXXXXXXXXXXXXXXXXXXXXXXXXXXXXXXX
; XXXXXXXXXXXXXXXXXXXXXXXXXXXXXXXXXXXXXXXXXXXXXXXXXXXXXXXXXXXX
; XXXXXXXXXXXXXXXXXXXXXXXXXXXXXXXXXXXXXXXXXXXXXXXXXXXXXXXXXXXX
; XXXXXXXXXXXXXXXXXXXXXXXXXXXXXXXXXXXXXXXXXXXXXXXXXXXXXXXXXXXX
; XXXXXXXXXXXXXXXXXXXXXXXXXXXXXXXXXXXXXXXXXXXXXXXXXXXXXXXXXXXX
; XXXXXXXXXXXXXXXXXXXXXXXXXXXXXXXXXXXXXXXXXXXXXXXXXXXXXXXXXXXX
; XXXXXXXXXXXXXXXXXXXXXXXXXXXXXXXXXXXXXXXXXXXXXXXXXXXXXXXXXXXX
; XXXXXXXXXXXXXXXXXXXXXXXXXXXXXXXXXXXXXXXXXXXXXXXXXXXXXXXXXXXX
; XXXXXXXXXXXXXXXXXXXXXXXXXXXXXXXXXXXXXXXXXXXXXXXXXXXXXXXXXXXX
; XXXXXXXXXXXXXXXXXXXXXXXXXXXXXXXXXXXXXXXXXXXXXXXXXXXXXXXXXXXX
; XXXXXXXXXXXXXXXXXXXXXXXXXXXXXXXXXXXXXXXXXXXXXXXXXXXXXXXXXXXX
; XXXXXXXXXXXXXXXXXXXXXXXXXXXXXXXXXXXXXXXXXXXXXXXXXXXXXXXXXXXX
; XXXXXXXXXXXXXXXXXXXXXXXXXXXXXXXXXXXXXXXXXXXXXXXXXXXXXXXXXXXX
; XXXXXXXXXXXXXXXXXXXXXXXXXXXXXXXXXXXXXXXXXXXXXXXXXXXXXXXXXXXX
; XXXXXXXXXXXXXXXXXXXXXXXXXXXXXXXXXXXXXXXXXXXXXXXXXXXXXXXXXXXX
; XXXXXXXXXXXXXXXXXXXXXXXXXXXXXXXXXXXXXXXXXXXXXXXXXXXXXXXXXXXX
; XXXXXXXXXXXXXXXXXXXXXXXXXXXXXXXXXXXXXXXXXXXXXXXXXXXXXXXXXXXX
; XXXXXXXXXXXXXXXXXXXXXXXXXXXXXXXXXXXXXXXXXXXXXXXXXXXXXXXXXXXX
; XXXXXXXXXXXXXXXXXXXXXXXXXXXXXXXXXXXXXXXXXXXXXXXXXXXXXXXXXXXX
; XXXXXXXXXXXXXXXXXXXXXXXXXXXXXXXXXXXXXXXXXXXXXXXXXXXXXXXXXXXX
; XXXXXXXXXXXXXXXXXXXXXXXXXXXXXXXXXXXXXXXXXXXXXXXXXXXXXXXXXXXX
; XXXXXXXXXXXXXXXXXXXXXXXXXXXXXXXXXXXXXXXXXXXXXXXXXXXXXXXXXXXX
; XXXXXXXXXXXXXXXXXXXXXXXXXXXXXXXXXXXXXXXXXXXXXXXXXXXXXXXXXXXX
; XXXXXXXXXXXXXXXXXXXXXXXXXXXXXXXXXXXXXXXXXXXXXXXXXXXXXXXXXXXX
; XXXXXXXXXXXXXXXXXXXXXXXXXXXXXXXXXXXXXXXXXXXXXXXXXXXXXXXXXXXX
; XXXXXXXXXXXXXXXXXXXXXXXXXXXXXXXXXXXXXXXXXXXXXXXXXXXXXXXXXXXX
; XXXXXXXXXXXXXXXXXXXXXXXXXXXXXXXXXXXXXXXXXXXXXXXXXXXXXXXXXXXX
; XXXXXXXXXXXXXXXXXXXXXXXXXXXXXXXXXXXXXXXXXXXXXXXXXXXXXXXXXXXX
; XXXXXXXXXXXXXXXXXXXXXXXXXXXXXXXXXXXXXXXXXXXXXXXXXXXXXXXXXXXX
; XXXXXXXXXXXXXXXXXXXXXXXXXXXXXXXXXXXXXXXXXXXXXXXXXXXXXXXXXXXX
; XXXXXXXXXXXXXXXXXXXXXXXXXXXXXXXXXXXXXXXXXXXXXXXXXXXXXXXXXXXX
; XXXXXXXXXXXXXXXXXXXXXXXXXXXXXXXXXXXXXXXXXXXXXXXXXXXXXXXXXXXX
